<?xml version="1.0" encoding="UTF-8"?>
<!-- Generated by org.testng.reporters.JUnitReportReporter -->
<testsuite hostname="JPG14" failures="0" tests="5" name="com.example.runner.TestRunner" time="13.752" errors="0" timestamp="2024-11-25T11:27:27 PST" skipped="0">
  <testcase classname="com.example.runner.TestRunner" name="runScenario" time="2.117"/>
  <testcase classname="com.example.runner.TestRunner" name="runScenario" time="2.250"/>
  <testcase classname="com.example.runner.TestRunner" name="runScenario" time="1.978"/>
  <testcase classname="com.example.runner.TestRunner" name="runScenario" time="2.077"/>
  <testcase classname="com.example.runner.TestRunner" name="runScenario" time="5.330"/>
</testsuite> <!-- com.example.runner.TestRunner -->
